{"level":"info","msg":"Connecting to Postgre...","time":"2021-08-27T12:31:24+03:00"}
{"level":"info","msg":"connected","time":"2021-08-27T12:31:25+03:00"}
time="2021-08-27T12:39:18+03:00" level=info msg="Connecting to Postgre..."
time="2021-08-27T12:39:18+03:00" level=info msg=connected
time="2021-08-27T12:40:06+03:00" level=info msg=Authenticate...
time="2021-08-27T12:46:08+03:00" level=info msg="Connecting to Postgre..."
time="2021-08-27T12:46:08+03:00" level=info msg=connected
time="2021-08-27T12:46:47+03:00" level=trace msg="Authenticate user"
time="2021-08-27T12:57:00+03:00" level=trace msg="Authenticate user"
time="2021-08-30T12:33:14+03:00" level=info msg="Connecting to Postgre..."
time="2021-08-30T12:33:15+03:00" level=info msg=connected
time="2021-08-30T12:33:45+03:00" level=trace msg="Authenticate user"
time="2021-08-30T12:33:45+03:00" level=error msg="Email not found, novik.g.v@gmail.com"
time="2021-08-30T12:34:40+03:00" level=info msg="Connecting to Postgre..."
time="2021-08-30T12:34:40+03:00" level=info msg=connected
time="2021-08-30T12:35:00+03:00" level=trace msg="Authenticate user"
time="2021-08-30T12:35:15+03:00" level=error msg="Email not found, novik.g.v@gmail.com"
time="2021-08-30T12:36:50+03:00" level=info msg="Connecting to Postgre..."
time="2021-08-30T12:36:50+03:00" level=info msg=connected
time="2021-08-30T12:37:47+03:00" level=trace msg="Authenticate user"
time="2021-08-30T12:37:54+03:00" level=error msg="Email not found, novik.g.v@gmail.com"
time="2021-08-30T12:39:06+03:00" level=info msg="Connecting to Postgre..."
time="2021-08-30T12:39:07+03:00" level=info msg=connected
time="2021-08-30T12:39:30+03:00" level=trace msg="Authenticate user"
time="2021-08-30T12:39:56+03:00" level=info msg="Connecting to Postgre..."
time="2021-08-30T12:39:56+03:00" level=info msg=connected
time="2021-08-30T12:40:23+03:00" level=trace msg="Authenticate user"
time="2021-08-30T12:40:46+03:00" level=trace msg="Authenticate user"
time="2021-08-30T12:46:13+03:00" level=info msg="Connecting to Postgre..."
time="2021-08-30T12:46:13+03:00" level=info msg=connected
time="2021-08-30T12:46:30+03:00" level=trace msg="Authenticate user"
time="2021-08-30T13:31:49+03:00" level=info msg="Connecting to Postgre..."
time="2021-08-30T13:31:50+03:00" level=info msg=connected
time="2021-08-30T13:32:01+03:00" level=trace msg="Authenticate user"
time="2021-08-30T14:30:39+03:00" level=info msg="Connecting to Postgre..."
time="2021-08-30T14:30:40+03:00" level=info msg=connected
time="2021-08-30T14:30:50+03:00" level=trace msg="Authenticate user"
time="2021-08-30T15:02:17+03:00" level=info msg="Connecting to Postgre..."
time="2021-08-30T15:02:18+03:00" level=info msg=connected
time="2021-08-30T15:02:33+03:00" level=trace msg="Authenticate user"
time="2021-08-30T15:02:33+03:00" level=error msg="Email not foundnovik.g.v@gmail.com"
time="2021-08-30T15:09:41+03:00" level=info msg="Connecting to Postgre..."
time="2021-08-30T15:09:41+03:00" level=info msg=connected
time="2021-08-30T15:09:59+03:00" level=trace msg="Authenticate user"
time="2021-08-30T15:09:59+03:00" level=error msg="Email not foundnovik.g.v@gmail.com"
time="2021-08-30T15:10:01+03:00" level=trace msg="Authenticate user"
time="2021-08-30T15:10:01+03:00" level=error msg="Email not foundnovik.g.v@gmail.com"
time="2021-08-30T15:18:33+03:00" level=info msg="Connecting to Postgre..."
time="2021-08-30T15:18:33+03:00" level=info msg=connected
time="2021-08-30T15:18:55+03:00" level=trace msg="Authenticate user"
time="2021-08-30T15:18:55+03:00" level=error msg="Email not foundnovik.g.v@gmail.com"
time="2021-08-30T15:18:59+03:00" level=trace msg="Authenticate user"
time="2021-08-30T15:18:59+03:00" level=error msg="Email not foundnovik.g.v@gmail.com"
time="2021-08-30T15:19:36+03:00" level=info msg="Connecting to Postgre..."
time="2021-08-30T15:19:36+03:00" level=info msg=connected
time="2021-08-30T15:19:45+03:00" level=trace msg="Authenticate user"
time="2021-08-30T15:19:45+03:00" level=error msg="Email not foundnovik.g.v@gmail.com"
time="2021-08-30T15:21:35+03:00" level=trace msg="Authenticate user"
time="2021-08-30T15:23:22+03:00" level=info msg="Connecting to Postgre..."
time="2021-08-30T15:23:22+03:00" level=info msg=connected
time="2021-08-30T15:24:37+03:00" level=trace msg="Authenticate user"
time="2021-08-30T15:24:41+03:00" level=error msg="Email not found novik.g.v@gmail.com"
time="2021-08-30T15:26:25+03:00" level=info msg="Connecting to Postgre..."
time="2021-08-30T15:26:25+03:00" level=info msg=connected
time="2021-08-30T15:26:53+03:00" level=trace msg="Authenticate user"
time="2021-08-30T15:26:56+03:00" level=error msg="Email not found novik.g.v@gmail.com"
time="2021-08-30T15:28:21+03:00" level=info msg="Connecting to Postgre..."
time="2021-08-30T15:28:21+03:00" level=info msg=connected
time="2021-08-30T15:29:04+03:00" level=trace msg="Authenticate user"
time="2021-08-30T15:29:11+03:00" level=error msg="Email not found novik.g.v@gmail.com"
time="2021-08-30T15:30:42+03:00" level=info msg="Connecting to Postgre..."
time="2021-08-30T15:30:42+03:00" level=info msg=connected
time="2021-08-30T15:30:53+03:00" level=trace msg="Authenticate user"
time="2021-08-30T15:30:53+03:00" level=error msg="Email not found novik.g.v@gmail.com"
time="2021-08-30T15:33:31+03:00" level=info msg="Connecting to Postgre..."
time="2021-08-30T15:33:31+03:00" level=info msg=connected
time="2021-08-30T15:33:44+03:00" level=trace msg="Authenticate user"
time="2021-08-30T15:33:44+03:00" level=error msg="Email not found novik.g.v@gmail.com"
time="2021-08-30T15:33:46+03:00" level=trace msg="Authenticate user"
time="2021-08-30T15:33:46+03:00" level=error msg="Email not found novik.g.v@gmail.com"
time="2021-08-30T15:35:12+03:00" level=info msg="Connecting to Postgre..."
time="2021-08-30T15:35:12+03:00" level=info msg=connected
time="2021-08-30T15:35:16+03:00" level=trace msg="Authenticate user"
time="2021-08-30T15:35:16+03:00" level=error msg="Email not found novik.g.v@gmail.com"
time="2021-08-30T15:35:20+03:00" level=trace msg="Authenticate user"
time="2021-08-30T15:35:20+03:00" level=error msg="Email not found novik.g.v@gmail.com"
time="2021-08-30T15:36:41+03:00" level=info msg="Connecting to Postgre..."
time="2021-08-30T15:36:41+03:00" level=info msg=connected
time="2021-08-30T15:37:17+03:00" level=trace msg="Authenticate user"
time="2021-08-30T15:39:26+03:00" level=info msg="Connecting to Postgre..."
time="2021-08-30T15:39:26+03:00" level=info msg=connected
time="2021-08-30T15:39:46+03:00" level=trace msg="Authenticate user"
time="2021-08-30T15:39:46+03:00" level=error msg="Email not found novik.g.v@gmail.com"
time="2021-08-30T15:40:57+03:00" level=info msg="Connecting to Postgre..."
time="2021-08-30T15:40:57+03:00" level=info msg=connected
time="2021-08-30T15:41:37+03:00" level=trace msg="Authenticate user"
time="2021-08-30T15:42:29+03:00" level=info msg="Connecting to Postgre..."
time="2021-08-30T15:42:29+03:00" level=info msg=connected
time="2021-08-30T15:43:04+03:00" level=trace msg="Authenticate user"
time="2021-08-30T15:49:33+03:00" level=info msg="Connecting to Postgre..."
time="2021-08-30T15:49:33+03:00" level=info msg=connected
time="2021-08-30T15:49:48+03:00" level=trace msg="Authenticate user"
time="2021-08-30T16:28:45+03:00" level=info msg="Connecting to Postgre..."
time="2021-08-30T16:28:46+03:00" level=info msg=connected
time="2021-08-30T16:29:24+03:00" level=trace msg="Authenticate user"
time="2021-08-30T16:32:51+03:00" level=info msg="Connecting to Postgre..."
time="2021-08-30T16:32:51+03:00" level=info msg=connected
time="2021-08-30T16:33:07+03:00" level=trace msg="Authenticate user"
time="2021-08-30T16:33:07+03:00" level=error msg="Email not found novik.g.v@gmail.com"
time="2021-08-30T16:44:11+03:00" level=info msg="Connecting to Postgre..."
time="2021-08-30T16:44:11+03:00" level=info msg=connected
time="2021-08-30T16:44:32+03:00" level=trace msg="Authenticate user"
time="2021-08-30T16:44:33+03:00" level=error msg="Email not found novik.g.v@gmail.com"
time="2021-08-30T16:44:34+03:00" level=trace msg="Authenticate user"
time="2021-08-30T16:44:34+03:00" level=error msg="Email not found novik.g.v@gmail.com"
time="2021-08-30T16:45:07+03:00" level=info msg="Connecting to Postgre..."
time="2021-08-30T16:45:07+03:00" level=info msg=connected
time="2021-08-30T16:45:36+03:00" level=trace msg="Authenticate user"
time="2021-08-30T16:45:36+03:00" level=error msg="Email not found novik.g.v@gmail.com"
time="2021-08-30T16:47:34+03:00" level=info msg="Connecting to Postgre..."
time="2021-08-30T16:47:34+03:00" level=info msg=connected
time="2021-08-30T16:48:03+03:00" level=trace msg="Authenticate user"
time="2021-08-30T16:48:03+03:00" level=error msg="Email not found novik.g.v@gmail.com"
time="2021-08-30T16:50:01+03:00" level=info msg="Connecting to Postgre..."
time="2021-08-30T16:50:01+03:00" level=info msg=connected
time="2021-08-30T16:50:17+03:00" level=trace msg="Authenticate user"
time="2021-08-30T16:50:17+03:00" level=error msg="Email not found novik.g.v@gmail.com"
time="2021-08-30T17:00:12+03:00" level=info msg="Connecting to Postgre..."
time="2021-08-30T17:00:12+03:00" level=info msg=connected
time="2021-08-30T17:00:26+03:00" level=trace msg="Authenticate user"
time="2021-08-30T17:00:26+03:00" level=error msg="Email not found novik.g.v@gmail.com"
time="2021-08-30T17:01:15+03:00" level=info msg="Connecting to Postgre..."
time="2021-08-30T17:01:15+03:00" level=info msg=connected
time="2021-08-30T17:01:23+03:00" level=trace msg="Authenticate user"
time="2021-08-30T17:01:23+03:00" level=error msg="Email not found novik.g.v@gmail.com"
time="2021-08-30T17:02:17+03:00" level=info msg="Connecting to Postgre..."
time="2021-08-30T17:02:17+03:00" level=info msg=connected
time="2021-08-30T17:02:32+03:00" level=trace msg="Authenticate user"
time="2021-08-30T17:02:32+03:00" level=error msg="Email not found novik.g.v@gmail.com"
time="2021-08-30T17:03:45+03:00" level=info msg="Connecting to Postgre..."
time="2021-08-30T17:03:45+03:00" level=info msg=connected
time="2021-08-30T17:04:05+03:00" level=trace msg="Authenticate user"
time="2021-08-30T17:04:05+03:00" level=error msg="Email not found novik.g.v@gmail.com"
time="2021-08-30T17:10:06+03:00" level=info msg="Connecting to Postgre..."
time="2021-08-30T17:10:06+03:00" level=info msg=connected
time="2021-08-30T17:10:15+03:00" level=trace msg="Authenticate user"
time="2021-08-30T17:10:49+03:00" level=info msg="Connecting to Postgre..."
time="2021-08-30T17:10:49+03:00" level=info msg=connected
time="2021-08-30T17:11:00+03:00" level=trace msg="Authenticate user"
time="2021-08-30T17:13:18+03:00" level=trace msg="Authenticate user"
time="2021-08-30T17:13:19+03:00" level=trace msg="Authenticate user"
time="2021-08-30T17:13:43+03:00" level=trace msg="Authenticate user"
time="2021-08-30T17:14:13+03:00" level=trace msg="Authenticate user"
time="2021-08-30T17:27:56+03:00" level=info msg="Connecting to Postgre..."
time="2021-08-30T17:27:56+03:00" level=info msg=connected
time="2021-08-30T17:28:08+03:00" level=trace msg="Authenticate user"
time="2021-08-30T17:28:08+03:00" level=error msg="Email not found novik.g.v@gmail.com"
time="2021-08-30T17:28:41+03:00" level=info msg="Connecting to Postgre..."
time="2021-08-30T17:28:41+03:00" level=info msg=connected
time="2021-08-30T17:28:46+03:00" level=trace msg="Authenticate user"
time="2021-08-30T17:28:46+03:00" level=error msg="Email not found novik.g.v@gmail.com"
time="2021-08-30T17:29:56+03:00" level=info msg="Connecting to Postgre..."
time="2021-08-30T17:29:56+03:00" level=info msg=connected
time="2021-08-30T17:30:23+03:00" level=trace msg="Authenticate user"
time="2021-08-30T17:30:23+03:00" level=error msg="Email not found novik.g.v@gmail.com"
time="2021-08-30T17:30:46+03:00" level=info msg="Connecting to Postgre..."
time="2021-08-30T17:30:46+03:00" level=info msg=connected
time="2021-08-30T17:30:56+03:00" level=trace msg="Authenticate user"
time="2021-08-30T17:30:56+03:00" level=error msg="Email not found novik.g.v@gmail.com"
time="2021-08-30T17:31:27+03:00" level=info msg="Connecting to Postgre..."
time="2021-08-30T17:31:27+03:00" level=info msg=connected
time="2021-08-30T17:31:50+03:00" level=trace msg="Authenticate user"
time="2021-08-30T17:32:26+03:00" level=info msg="Connecting to Postgre..."
time="2021-08-30T17:32:26+03:00" level=info msg=connected
time="2021-08-30T17:32:33+03:00" level=trace msg="Authenticate user"
time="2021-08-30T17:32:33+03:00" level=error msg="Email not found novik.g.v@gmail.com"
time="2021-08-30T17:32:48+03:00" level=info msg="Connecting to Postgre..."
time="2021-08-30T17:32:48+03:00" level=info msg=connected
time="2021-08-30T17:32:56+03:00" level=trace msg="Authenticate user"
time="2021-08-30T17:32:56+03:00" level=error msg="Email not found novik.g.v@gmail.com"
time="2021-08-30T17:39:32+03:00" level=info msg="Connecting to Postgre..."
time="2021-08-30T17:39:33+03:00" level=info msg=connected
time="2021-08-30T17:40:14+03:00" level=trace msg="Authenticate user"
time="2021-08-30T17:40:14+03:00" level=error msg="Email not found novik.g.v@gmail.com"
time="2021-08-31T08:59:26+03:00" level=info msg="Connecting to Postgre..."
time="2021-08-31T08:59:26+03:00" level=info msg=connected
time="2021-08-31T09:03:13+03:00" level=trace msg="Authenticate user"
time="2021-08-31T09:03:13+03:00" level=error msg="Email not found novik.g.v@gmail.com"
time="2021-08-31T09:17:22+03:00" level=trace msg="Authenticate user"
time="2021-08-31T09:17:22+03:00" level=error msg="Email not found novik.g.v@gmail.com"
time="2021-08-31T09:22:58+03:00" level=info msg="Connecting to Postgre..."
time="2021-08-31T09:22:58+03:00" level=info msg=connected
time="2021-08-31T09:23:07+03:00" level=trace msg="Authenticate user"
time="2021-08-31T09:23:07+03:00" level=error msg="Email not found novik.g.v@gmail.com"
time="2021-08-31T09:23:09+03:00" level=trace msg="Authenticate user"
time="2021-08-31T09:23:09+03:00" level=error msg="Email not found novik.g.v@gmail.com"
time="2021-08-31T09:24:28+03:00" level=info msg="Connecting to Postgre..."
time="2021-08-31T09:24:28+03:00" level=info msg=connected
time="2021-08-31T09:25:16+03:00" level=trace msg="Authenticate user"
time="2021-08-31T09:25:16+03:00" level=error msg="Email not found novik.g.v@gmail.com"
time="2021-08-31T09:25:18+03:00" level=trace msg="Authenticate user"
time="2021-08-31T09:25:18+03:00" level=error msg="Email not found novik.g.v@gmail.com"
time="2021-08-31T09:32:39+03:00" level=info msg="Connecting to Postgre..."
time="2021-08-31T09:32:40+03:00" level=info msg=connected
time="2021-08-31T09:33:36+03:00" level=trace msg="Authenticate user"
time="2021-08-31T09:33:36+03:00" level=error msg="Email not found novik.g.v@gmail.com"
time="2021-08-31T09:35:24+03:00" level=info msg="Connecting to Postgre..."
time="2021-08-31T09:35:24+03:00" level=info msg=connected
time="2021-08-31T09:35:38+03:00" level=trace msg="Authenticate user"
time="2021-08-31T09:35:38+03:00" level=error msg="Email not found novik.g.v@gmail.com"
time="2021-08-31T09:36:29+03:00" level=trace msg="Authenticate user"
time="2021-08-31T09:37:21+03:00" level=error msg="Email not found novik.g.v@gmail.com"
time="2021-08-31T09:43:56+03:00" level=info msg="Connecting to Postgre..."
time="2021-08-31T09:43:56+03:00" level=info msg=connected
time="2021-08-31T09:44:26+03:00" level=info msg="Connecting to Postgre..."
time="2021-08-31T09:44:27+03:00" level=info msg=connected
time="2021-08-31T09:45:08+03:00" level=trace msg="Authenticate user"
time="2021-08-31T09:45:08+03:00" level=error msg="Email not found novik.g.v@gmail.com"
time="2021-08-31T09:46:03+03:00" level=info msg="Connecting to Postgre..."
time="2021-08-31T09:46:03+03:00" level=info msg=connected
time="2021-08-31T09:46:08+03:00" level=trace msg="Authenticate user"
time="2021-08-31T09:46:42+03:00" level=info msg="Connecting to Postgre..."
time="2021-08-31T09:46:42+03:00" level=info msg=connected
time="2021-08-31T09:46:49+03:00" level=trace msg="Authenticate user"
time="2021-08-31T09:47:23+03:00" level=info msg="Connecting to Postgre..."
time="2021-08-31T09:47:23+03:00" level=info msg=connected
time="2021-08-31T09:47:35+03:00" level=trace msg="Authenticate user"
time="2021-08-31T10:04:15+03:00" level=info msg="Connecting to Postgre..."
time="2021-08-31T10:04:15+03:00" level=info msg=connected
time="2021-08-31T10:05:13+03:00" level=info msg="Connecting to Postgre..."
time="2021-08-31T10:05:14+03:00" level=info msg=connected
time="2021-08-31T10:05:31+03:00" level=trace msg="Authenticate user"
time="2021-08-31T10:16:01+03:00" level=info msg="Connecting to Postgre..."
time="2021-08-31T10:16:01+03:00" level=info msg=connected
time="2021-08-31T10:16:08+03:00" level=trace msg="Authenticate user"
time="2021-08-31T10:16:08+03:00" level=error msg="Email not found novik.g.v@gmail.com"
time="2021-08-31T10:17:00+03:00" level=info msg="Connecting to Postgre..."
time="2021-08-31T10:17:00+03:00" level=info msg=connected
time="2021-08-31T10:17:12+03:00" level=trace msg="Authenticate user"
time="2021-08-31T10:17:12+03:00" level=error msg="Email not found novik.g.v@gmail.com"
time="2021-08-31T10:18:53+03:00" level=info msg="Connecting to Postgre..."
time="2021-08-31T10:18:53+03:00" level=info msg=connected
time="2021-08-31T10:19:07+03:00" level=info msg="Connecting to Postgre..."
time="2021-08-31T10:19:07+03:00" level=info msg=connected
time="2021-08-31T10:19:14+03:00" level=trace msg="Authenticate user"
time="2021-08-31T10:19:14+03:00" level=error msg="Email not found novik.g.v@gmail.com"
time="2021-08-31T10:19:59+03:00" level=info msg="Connecting to Postgre..."
time="2021-08-31T10:19:59+03:00" level=info msg=connected
time="2021-08-31T10:20:23+03:00" level=trace msg="Authenticate user"
time="2021-08-31T10:20:23+03:00" level=error msg="Email not found novik.g.v@gmail.com"
time="2021-08-31T10:21:38+03:00" level=info msg="Connecting to Postgre..."
time="2021-08-31T10:21:38+03:00" level=info msg=connected
time="2021-08-31T10:21:49+03:00" level=trace msg="Authenticate user"
time="2021-08-31T10:21:49+03:00" level=error msg="Email not found novik.g.v@gmail.com"
time="2021-08-31T10:21:52+03:00" level=trace msg="Authenticate user"
time="2021-08-31T10:21:52+03:00" level=error msg="Email not found novik.g.v@gmail.com"
time="2021-08-31T10:41:29+03:00" level=info msg="Connecting to Postgre..."
time="2021-08-31T10:41:29+03:00" level=info msg=connected
time="2021-08-31T10:41:44+03:00" level=trace msg="Authenticate user"
time="2021-08-31T10:41:44+03:00" level=error msg="Email not found novik.g.v@gmail.com"
time="2021-08-31T10:42:54+03:00" level=info msg="Connecting to Postgre..."
time="2021-08-31T10:42:54+03:00" level=info msg=connected
time="2021-08-31T10:43:17+03:00" level=trace msg="Authenticate user"
time="2021-08-31T10:44:13+03:00" level=info msg="Connecting to Postgre..."
time="2021-08-31T10:44:13+03:00" level=info msg=connected
time="2021-08-31T10:44:21+03:00" level=trace msg="Authenticate user"
time="2021-08-31T10:44:21+03:00" level=error msg="Email not found novik.g.v@gmail.com"
time="2021-08-31T10:45:20+03:00" level=info msg="Connecting to Postgre..."
time="2021-08-31T10:45:20+03:00" level=info msg=connected
time="2021-08-31T10:45:43+03:00" level=trace msg="Authenticate user"
time="2021-08-31T10:45:43+03:00" level=error msg="Email not found novik.g.v@gmail.com"
time="2021-08-31T10:47:10+03:00" level=info msg="Connecting to Postgre..."
time="2021-08-31T10:47:10+03:00" level=info msg=connected
time="2021-08-31T10:47:17+03:00" level=trace msg="Authenticate user"
time="2021-08-31T10:47:17+03:00" level=error msg="Email not found novik.g.v@gmail.com"
time="2021-08-31T10:47:57+03:00" level=info msg="Connecting to Postgre..."
time="2021-08-31T10:47:57+03:00" level=info msg=connected
time="2021-08-31T10:48:06+03:00" level=trace msg="Authenticate user"
time="2021-08-31T10:48:54+03:00" level=trace msg="Authenticate user"
time="2021-08-31T10:50:05+03:00" level=info msg="Connecting to Postgre..."
time="2021-08-31T10:50:05+03:00" level=info msg=connected
time="2021-08-31T10:51:00+03:00" level=info msg="Connecting to Postgre..."
time="2021-08-31T10:51:00+03:00" level=info msg=connected
time="2021-08-31T10:51:08+03:00" level=trace msg="Authenticate user"
time="2021-08-31T10:54:33+03:00" level=info msg="Connecting to Postgre..."
time="2021-08-31T10:54:33+03:00" level=info msg=connected
time="2021-08-31T10:54:47+03:00" level=trace msg="Authenticate user"
time="2021-08-31T12:29:35+03:00" level=info msg="connecting to Postgre..."
time="2021-08-31T12:29:35+03:00" level=info msg="connected to Postgre"
time="2021-08-31T12:29:43+03:00" level=trace msg="authenticate user"
time="2021-08-31T15:31:33+03:00" level=info msg="connecting to Postgre..."
time="2021-08-31T15:31:34+03:00" level=info msg="connected to Postgre"
time="2021-08-31T15:31:47+03:00" level=trace msg="authenticate user"
time="2021-08-31T16:19:15+03:00" level=info msg="connecting to Postgre..."
time="2021-08-31T16:19:15+03:00" level=info msg="connected to Postgre"
time="2021-08-31T16:19:15+03:00" level=info msg="connecting to Redis..."
time="2021-08-31T16:31:33+03:00" level=info msg="connecting to Postgre..."
time="2021-08-31T16:31:33+03:00" level=info msg="connected to Postgre"
time="2021-08-31T16:31:33+03:00" level=info msg="connecting to Redis..."
time="2021-08-31T16:31:33+03:00" level=info msg="connected to Redis"
time="2021-08-31T16:47:10+03:00" level=info msg="connecting to Postgre..."
time="2021-08-31T16:47:10+03:00" level=info msg="connected to Postgre"
time="2021-08-31T16:47:10+03:00" level=info msg="connecting to Redis..."
time="2021-08-31T16:47:10+03:00" level=info msg="connected to Redis"
time="2021-08-31T16:48:07+03:00" level=trace msg="authenticate user"
time="2021-08-31T16:48:58+03:00" level=trace msg="authenticate user"
time="2021-08-31T17:29:30+03:00" level=info msg="connecting to Postgre..."
time="2021-08-31T17:29:30+03:00" level=info msg="connected to Postgre"
time="2021-08-31T17:29:30+03:00" level=info msg="connecting to Redis..."
time="2021-08-31T17:29:30+03:00" level=info msg="connected to Redis"
time="2021-08-31T17:29:42+03:00" level=trace msg="authenticate user"
time="2021-08-31T17:48:25+03:00" level=info msg="connecting to Postgre..."
time="2021-08-31T17:48:25+03:00" level=info msg="connected to Postgre"
time="2021-08-31T17:48:25+03:00" level=info msg="connecting to Redis..."
time="2021-08-31T17:48:25+03:00" level=info msg="connected to Redis"
time="2021-08-31T17:48:42+03:00" level=trace msg="authenticate user"
time="2021-08-31T18:10:58+03:00" level=info msg="connecting to Postgre..."
time="2021-08-31T18:10:59+03:00" level=info msg="connected to Postgre"
time="2021-08-31T18:10:59+03:00" level=info msg="connecting to Redis..."
time="2021-08-31T18:10:59+03:00" level=info msg="connected to Redis"
time="2021-08-31T18:11:25+03:00" level=trace msg="authenticate user"
time="2021-08-31T18:36:27+03:00" level=info msg="connecting to Postgre..."
time="2021-08-31T18:36:27+03:00" level=info msg="connected to Postgre"
time="2021-08-31T18:36:27+03:00" level=info msg="connecting to Redis..."
time="2021-08-31T18:36:27+03:00" level=info msg="connected to Redis"
time="2021-08-31T18:36:50+03:00" level=trace msg="authenticate user"
